生成启动时间为 2017/2/19 0:29:19。
     1>项目“C:\Users\卓\Desktop\CTP.Solution\CTP\CTPMA.VS2010.Net3.5.vcxproj”在节点 3 上(Build 个目标)。
     1>正在使用工具版本“14.0”进行生成。
       项目文件包含 ToolsVersion="4.0"。 此工具集未知或缺失(在此情况下，您可以通过安装合适的 MSBuild 版本来解决此问题)，或者生成可能已被强制到特定的 ToolsVersion (出于策略原因)。 将项目视为具有 ToolsVersion="14.0"。 有关详细信息，请参阅 http://go.microsoft.com/fwlink/?LinkId=293424。
     1>来自项目“C:\Users\卓\Desktop\CTP.Solution\CTP\CTPMA.VS2010.Net3.5.vcxproj”的文件“C:\Program Files (x86)\MSBuild\14.0\bin\Microsoft.Common.CurrentVersion.targets”中的目标“_CheckForInvalidConfigurationAndPlatform”(入口点):
       由于 false 条件，已跳过任务“Error”；( '$(_InvalidConfigurationError)' == 'true' )计算为( '' == 'true' )。
       由于 false 条件，已跳过任务“Warning”；( '$(_InvalidConfigurationWarning)' == 'true' )计算为( '' == 'true' )。
       正在使用程序集“Microsoft.Build.Tasks.Core, Version=14.0.0.0, Culture=neutral, PublicKeyToken=b03f5f7f11d50a3a”中的“Message”任务。
       任务“Message”
         Configuration=Release
       已完成执行任务“Message”的操作。
       任务“Message”
         Platform=Win32
       已完成执行任务“Message”的操作。
       由于 false 条件，已跳过任务“Error”；('$(OutDir)' != '' and !HasTrailingSlash('$(OutDir)'))计算为('C:\Users\卓\Desktop\CTP.Solution\Release\VS2010\dotNet3.5\MA版\' != '' and !HasTrailingSlash('C:\Users\卓\Desktop\CTP.Solution\Release\VS2010\dotNet3.5\MA版\'))。
       由于 false 条件，已跳过任务“Error”；('$(BaseIntermediateOutputPath)' != '' and !HasTrailingSlash('$(BaseIntermediateOutputPath)'))计算为('obj\' != '' and !HasTrailingSlash('obj\'))。
       由于 false 条件，已跳过任务“Error”；('$(IntermediateOutputPath)' != '' and !HasTrailingSlash('$(IntermediateOutputPath)'))计算为('Release\VS2010\dotNet3.5\MA版\' != '' and !HasTrailingSlash('Release\VS2010\dotNet3.5\MA版\'))。
     1>已完成在项目“CTPMA.VS2010.Net3.5.vcxproj”中生成目标“_CheckForInvalidConfigurationAndPlatform”的操作。
     1>来自项目“C:\Users\卓\Desktop\CTP.Solution\CTP\CTPMA.VS2010.Net3.5.vcxproj”的文件“C:\Program Files (x86)\MSBuild\Microsoft.Cpp\v4.0\V140\Microsoft.BuildSteps.Targets”中的目标“_PrepareForBuild”(目标“Build”依赖于它):
       由于 false 条件，已跳过任务“CreateItem”；('%(CustomBuild.IncludeFileToTool)'!='')计算为(''!='')。
     1>已完成在项目“CTPMA.VS2010.Net3.5.vcxproj”中生成目标“_PrepareForBuild”的操作。
     1>来自项目“C:\Users\卓\Desktop\CTP.Solution\CTP\CTPMA.VS2010.Net3.5.vcxproj”的文件“C:\Program Files (x86)\MSBuild\Microsoft.Cpp\v4.0\V140\Microsoft.CppBuild.targets”中的目标“_PrepareForReferenceResolution”(目标“ResolveReferences”依赖于它):
       由于 false 条件，已跳过任务“Message”；('$(_REFERENCE_DEBUG)'=='true')计算为(''=='true')。
     1>已完成在项目“CTPMA.VS2010.Net3.5.vcxproj”中生成目标“_PrepareForReferenceResolution”的操作。
       由于条件的计算结果为 false，已跳过目标“ComputeCrtSDKReference”；('@(ClCompile)'!='' and '$(WindowsAppContainer)'=='true' and '$(UseCrtSDKReference)' != 'false')的计算结果为('AssemblyInfo.cpp;CTP.cpp;CTPMDAdapter.cpp;CTPTraderAdapter.cpp;MdSpi.cpp;Stdafx.cpp;TraderSpi.cpp;Util.cpp'!='' and 'false'=='true' and '' != 'false')。
     1>来自项目“C:\Users\卓\Desktop\CTP.Solution\CTP\CTPMA.VS2010.Net3.5.vcxproj”的文件“C:\Program Files (x86)\MSBuild\14.0\bin\Microsoft.Common.CurrentVersion.targets”中的目标“BeforeResolveReferences”(目标“ResolveReferences”依赖于它):
     1>已完成在项目“CTPMA.VS2010.Net3.5.vcxproj”中生成目标“BeforeResolveReferences”的操作。
     1>来自项目“C:\Users\卓\Desktop\CTP.Solution\CTP\CTPMA.VS2010.Net3.5.vcxproj”的文件“C:\Program Files (x86)\MSBuild\14.0\bin\Microsoft.Common.CurrentVersion.targets”中的目标“AssignProjectConfiguration”(目标“ResolveReferences”依赖于它):
       正在使用程序集“Microsoft.Build.Tasks.Core, Version=14.0.0.0, Culture=neutral, PublicKeyToken=b03f5f7f11d50a3a”中的“AssignProjectConfiguration”任务。
       任务“AssignProjectConfiguration”
       已完成执行任务“AssignProjectConfiguration”的操作。
     1>已完成在项目“CTPMA.VS2010.Net3.5.vcxproj”中生成目标“AssignProjectConfiguration”的操作。
       已跳过目标“AssignProjectConfiguration”。以前的生成已成功。
     1>来自项目“C:\Users\卓\Desktop\CTP.Solution\CTP\CTPMA.VS2010.Net3.5.vcxproj”的文件“C:\Program Files (x86)\MSBuild\14.0\bin\Microsoft.Common.CurrentVersion.targets”中的目标“_SplitProjectReferencesByFileExistence”(目标“ResolveProjectReferences”依赖于它):
       由于 false 条件，已跳过任务“ResolveNonMSBuildProjectOutput”；('$(BuildingInsideVisualStudio)'=='true' and '@(ProjectReferenceWithConfiguration)'!='')计算为('true'=='true' and ''!='')。
     1>已完成在项目“CTPMA.VS2010.Net3.5.vcxproj”中生成目标“_SplitProjectReferencesByFileExistence”的操作。
       由于条件的计算结果为 false，已跳过目标“_RemoveNameMetadataFromProjectReferenceItems”；('@(ProjectReference)'!='')的计算结果为(''!='')。
     1>来自项目“C:\Users\卓\Desktop\CTP.Solution\CTP\CTPMA.VS2010.Net3.5.vcxproj”的文件“C:\Program Files (x86)\MSBuild\14.0\bin\Microsoft.Common.CurrentVersion.targets”中的目标“ResolveProjectReferences”(目标“ResolveReferences”依赖于它):
       由于 false 条件，已跳过任务“MSBuild”；('%(_MSBuildProjectReferenceExistent.BuildReference)' == 'true' and '@(ProjectReferenceWithConfiguration)' != '' and ('$(BuildingInsideVisualStudio)' == 'true' or '$(BuildProjectReferences)' != 'true') and '$(VisualStudioVersion)' != '10.0' and '@(_MSBuildProjectReferenceExistent)' != '')计算为('' == 'true' and '' != '' and ('true' == 'true' or 'true' != 'true') and '14.0' != '10.0' and '' != '')。
       由于 false 条件，已跳过任务“MSBuild”；('%(_MSBuildProjectReferenceExistent.BuildReference)' == 'true' and '@(ProjectReferenceWithConfiguration)' != '' and ('$(BuildingInsideVisualStudio)' == 'true' or '$(BuildProjectReferences)' != 'true') and '$(VisualStudioVersion)' == '10.0' and '@(_MSBuildProjectReferenceExistent)' != '')计算为('' == 'true' and '' != '' and ('true' == 'true' or 'true' != 'true') and '14.0' == '10.0' and '' != '')。
       由于 false 条件，已跳过任务“MSBuild”；('%(_MSBuildProjectReferenceExistent.BuildReference)' == 'true' and '@(ProjectReferenceWithConfiguration)' != '' and '$(BuildingInsideVisualStudio)' != 'true' and '$(BuildProjectReferences)' == 'true' and '@(_MSBuildProjectReferenceExistent)' != '')计算为('' == 'true' and '' != '' and 'true' != 'true' and 'true' == 'true' and '' != '')。
       由于 false 条件，已跳过任务“MSBuild”；('%(_MSBuildProjectReferenceExistent.BuildReference)' == 'true' and '@(ProjectReferenceWithConfiguration)' != '' and '$(BuildingProject)' == 'true' and '@(_MSBuildProjectReferenceExistent)' != '')计算为('' == 'true' and '' != '' and 'true' == 'true' and '' != '')。
       由于 false 条件，已跳过任务“Warning”；('@(ProjectReferenceWithConfiguration)' != '' and '@(_MSBuildProjectReferenceNonexistent)' != '')计算为('' != '' and '' != '')。
     1>已完成在项目“CTPMA.VS2010.Net3.5.vcxproj”中生成目标“ResolveProjectReferences”的操作。
       由于条件的计算结果为 false，已跳过目标“FindInvalidProjectReferences”；('$(FindInvalidProjectReferences)' == 'true')的计算结果为('' == 'true')。
       由于条件的计算结果为 false，已跳过目标“ResolveNativeReferences”；('@(NativeReference)'!='')的计算结果为(''!='')。
       已跳过目标“_PrepareForReferenceResolution”。以前的生成已成功。
     1>来自项目“C:\Users\卓\Desktop\CTP.Solution\CTP\CTPMA.VS2010.Net3.5.vcxproj”的文件“C:\Program Files (x86)\MSBuild\14.0\bin\Microsoft.NetFramework.CurrentVersion.targets”中的目标“GetFrameworkPaths”(目标“ResolveAssemblyReferences”依赖于它):
     1>已完成在项目“CTPMA.VS2010.Net3.5.vcxproj”中生成目标“GetFrameworkPaths”的操作。
       由于条件的计算结果为 false，已跳过目标“GetWinFXPath”；(('@(Page)' != '' or '@(ApplicationDefinition)' != '' or '@(Resource)' != '') and ('$(GetWinFXNativePath)' != '' or '$(GetWinFXWoWPath)' != '' ))的计算结果为(('' != '' or '' != '' or '' != '') and ('' != '' or '' != '' ))。
     1>来自项目“C:\Users\卓\Desktop\CTP.Solution\CTP\CTPMA.VS2010.Net3.5.vcxproj”的文件“C:\Program Files (x86)\MSBuild\14.0\bin\Microsoft.Common.CurrentVersion.targets”中的目标“GetReferenceAssemblyPaths”(目标“ResolveAssemblyReferences”依赖于它):
       正在使用程序集“Microsoft.Build.Tasks.Core, Version=14.0.0.0, Culture=neutral, PublicKeyToken=b03f5f7f11d50a3a”中的“GetReferenceAssemblyPaths”任务。
       任务“GetReferenceAssemblyPaths”
       已完成执行任务“GetReferenceAssemblyPaths”的操作。
     1>已完成在项目“CTPMA.VS2010.Net3.5.vcxproj”中生成目标“GetReferenceAssemblyPaths”的操作。
     1>来自项目“C:\Users\卓\Desktop\CTP.Solution\CTP\CTPMA.VS2010.Net3.5.vcxproj”的文件“C:\Program Files (x86)\MSBuild\Microsoft.Cpp\v4.0\V140\Microsoft.Cpp.Current.targets”中的目标“SetBuildDefaultEnvironmentVariables”(目标“PrepareForBuild”依赖于它):
       正在使用程序集“C:\Program Files (x86)\MSBuild\Microsoft.Cpp\v4.0\V140\Microsoft.Build.CppTasks.Common.dll”中的“SetEnv”任务。
       任务“SetEnv”
         PATH=C:\Program Files (x86)\Microsoft Visual Studio 14.0\VC\bin;C:\Program Files (x86)\Windows Kits\8.1\bin\x86;;C:\Program Files (x86)\Microsoft SDKs\Windows\v10.0A\bin\NETFX 4.6.1 Tools;C:\Program Files (x86)\Microsoft Visual Studio 14.0\Common7\tools;C:\Program Files (x86)\Microsoft Visual Studio 14.0\Common7\ide;C:\Program Files (x86)\HTML Help Workshop;;C:\Program Files (x86)\MSBuild\14.0\bin\;C:\WINDOWS\Microsoft.NET\Framework\v4.0.30319\;C:\WINDOWS\SysWow64;;C:\Program Files (x86)\Microsoft Visual Studio 14.0\Common7\IDE\CommonExtensions\Microsoft\TeamFoundation\Team Explorer\NativeBinaries\x86;C:\Python27\;C:\Python27\Scripts;C:\ProgramData\Oracle\Java\javapath;C:\WINDOWS\system32;C:\WINDOWS;C:\WINDOWS\System32\Wbem;C:\WINDOWS\System32\WindowsPowerShell\v1.0\;C:\Program Files\Microsoft SQL Server\110\Tools\Binn\;C:\Program Files\Microsoft SQL Server\110\DTS\Binn\;C:\Program Files (x86)\Microsoft SQL Server\110\Tools\Binn\ManagementStudio\;C:\Program Files (x86)\Microsoft SQL Server\110\Tools\Binn\;C:\Program Files (x86)\Microsoft Visual Studio 10.0\Common7\IDE\PrivateAssemblies\;C:\Program Files (x86)\Microsoft SQL Server\110\DTS\Binn\;D:\Program Files\TortoiseSVN\bin;C:\Program Files\Microsoft\Web Platform Installer\;C:\Program Files\Microsoft SQL Server\120\Tools\Binn\;C:\Program Files\Mercurial\;C:\Program Files (x86)\Bitvise SSH Client;C:\wamp64\bin\php\php5.6.16;C:\ProgramData\ComposerSetup\bin;C:\Users\卓\AppData\Roaming\Composer\vendor\bin;;:\Go\bin;C:\Program Files\Microsoft SQL Server\130\Tools\Binn\;C:\Program Files\Microsoft DNX\Dnvm\;C:\Program Files\TortoiseGit\bin;C:\Program Files (x86)\Microsoft SQL Server\120\DTS\Binn\;C:\Program Files (x86)\Microsoft SQL Server\130\DTS\Binn\;C:\Program Files\Git\cmd;C:\Program Files\dotnet\;C:\Program Files\nodejs\;C:\Program Files (x86)\Windows Kits\8.1\Windows Performance Toolkit\;C:\Users\卓\.dnx\runtimes\dnx-clr-win-x86.1.0.0-rc1-update1\bin;C:\Users\卓\.dnx\bin;C:\Python27;C:\Go\bin;E:\项目\GO\bin;C:\Program Files (x86)\Microsoft VS Code\bin;C:\Program Files\Git\usr\bin;C:\Users\卓\AppData\Local\Microsoft\WindowsApps;C:\Program Files\dotnet\shared\Microsoft.NETCore.App\1.0.0;C:\Users\卓\AppData\Roaming\npm;
       已完成执行任务“SetEnv”的操作。
       任务“SetEnv”
         LIB=C:\Program Files (x86)\Microsoft Visual Studio 14.0\VC\lib;;C:\Program Files (x86)\Microsoft Visual Studio 14.0\VC\atlmfc\lib;;C:\Program Files (x86)\Windows Kits\10\lib\10.0.10240.0\ucrt\x86;;;C:\Program Files (x86)\Windows Kits\8.1\lib\winv6.3\um\x86;;C:\Program Files (x86)\Windows Kits\NETFXSDK\4.6.1\Lib\um\x86
       已完成执行任务“SetEnv”的操作。
       任务“SetEnv”
         LIBPATH=C:\Program Files (x86)\Microsoft Visual Studio 14.0\VC\atlmfc\lib;;C:\Program Files (x86)\Microsoft Visual Studio 14.0\VC\lib;
       已完成执行任务“SetEnv”的操作。
       任务“SetEnv”
         INCLUDE=C:\Program Files (x86)\Microsoft Visual Studio 14.0\VC\include;;C:\Program Files (x86)\Microsoft Visual Studio 14.0\VC\atlmfc\include;;C:\Program Files (x86)\Windows Kits\10\Include\10.0.10240.0\ucrt;;;C:\Program Files (x86)\Windows Kits\8.1\Include\um;C:\Program Files (x86)\Windows Kits\8.1\Include\shared;C:\Program Files (x86)\Windows Kits\8.1\Include\winrt;;
       已完成执行任务“SetEnv”的操作。
     1>已完成在项目“CTPMA.VS2010.Net3.5.vcxproj”中生成目标“SetBuildDefaultEnvironmentVariables”的操作。
       由于条件的计算结果为 false，已跳过目标“SetUserMacroEnvironmentVariables”；('@(BuildMacro)' != '' and '$(DesignTimeBuild)' != 'true')的计算结果为('' != '' and '' != 'true')。
     1>来自项目“C:\Users\卓\Desktop\CTP.Solution\CTP\CTPMA.VS2010.Net3.5.vcxproj”的文件“C:\Program Files (x86)\MSBuild\Microsoft.Cpp\v4.0\V140\Microsoft.CppBuild.targets”中的目标“GetResolvedWinMD”(目标“PrepareForBuild”依赖于它):
     1>已完成在项目“CTPMA.VS2010.Net3.5.vcxproj”中生成目标“GetResolvedWinMD”的操作。
     1>来自项目“C:\Users\卓\Desktop\CTP.Solution\CTP\CTPMA.VS2010.Net3.5.vcxproj”的文件“C:\Program Files (x86)\MSBuild\Microsoft.Cpp\v4.0\V140\Microsoft.Cpp.Platform.targets”中的目标“PlatformPrepareForBuild”(目标“PrepareForBuild”依赖于它):
       由于 false 条件，已跳过任务“VCMessage”；('$(_Error64bitToolsNotInstalled)' == 'true')计算为('' == 'true')。
       由于 false 条件，已跳过任务“VCMessage”；('$(DesignTimeBuild)'!='true' and '$(_ToolsetFound)' != 'true' and '$(PlatformToolset)' == 'v110')计算为(''!='true' and '' != 'true' and 'v90' == 'v110')。
       由于 false 条件，已跳过任务“VCMessage”；('$(DesignTimeBuild)'!='true' and '$(_ToolsetFound)' != 'true' and '$(PlatformToolset)' == 'v100')计算为(''!='true' and '' != 'true' and 'v90' == 'v100')。
       正在使用程序集“C:\Program Files (x86)\MSBuild\Microsoft.Cpp\v4.0\V140\Microsoft.Build.CppTasks.Common.dll”中的“VCMessage”任务。
       任务“VCMessage”
     1>C:\Program Files (x86)\MSBuild\Microsoft.Cpp\v4.0\V140\Microsoft.Cpp.Platform.targets(56,5): error MSB8020: The build tools for Visual Studio 2008 (Platform Toolset = 'v90') cannot be found. To build using the v90 build tools, please install Visual Studio 2008 build tools.  Alternatively, you may upgrade to the current Visual Studio tools by selecting the Project menu or right-click the solution, and then selecting "Retarget solution".
       已完成执行任务“VCMessage”的操作 - 失败。
     1>已完成在项目“CTPMA.VS2010.Net3.5.vcxproj”中生成目标“PlatformPrepareForBuild”的操作 - 失败。
     1>已完成生成项目“C:\Users\卓\Desktop\CTP.Solution\CTP\CTPMA.VS2010.Net3.5.vcxproj”(Build 个目标)的操作 - 失败。

生成失败。

已用时间 00:00:00.01
