c:\users\卓\desktop\ctp.solution\ctp\release\vs2010\dotnet4.0\ma版\ctp.pch
c:\users\卓\desktop\ctp.solution\ctp\release\vs2010\dotnet4.0\ma版\vc140.pdb
c:\users\卓\desktop\ctp.solution\ctp\release\vs2010\dotnet4.0\ma版\stdafx.xdc
c:\users\卓\desktop\ctp.solution\ctp\release\vs2010\dotnet4.0\ma版\stdafx.obj
c:\users\卓\desktop\ctp.solution\ctp\release\vs2010\dotnet4.0\ma版\assemblyinfo.xdc
c:\users\卓\desktop\ctp.solution\ctp\release\vs2010\dotnet4.0\ma版\ctp.xdc
c:\users\卓\desktop\ctp.solution\ctp\release\vs2010\dotnet4.0\ma版\ctpmdadapter.xdc
c:\users\卓\desktop\ctp.solution\ctp\release\vs2010\dotnet4.0\ma版\ctptraderadapter.xdc
c:\users\卓\desktop\ctp.solution\ctp\release\vs2010\dotnet4.0\ma版\mdspi.xdc
c:\users\卓\desktop\ctp.solution\ctp\release\vs2010\dotnet4.0\ma版\traderspi.xdc
c:\users\卓\desktop\ctp.solution\ctp\release\vs2010\dotnet4.0\ma版\util.xdc
c:\users\卓\desktop\ctp.solution\ctp\release\vs2010\dotnet4.0\ma版\util.obj
c:\users\卓\desktop\ctp.solution\ctp\release\vs2010\dotnet4.0\ma版\traderspi.obj
c:\users\卓\desktop\ctp.solution\ctp\release\vs2010\dotnet4.0\ma版\mdspi.obj
c:\users\卓\desktop\ctp.solution\ctp\release\vs2010\dotnet4.0\ma版\ctptraderadapter.obj
c:\users\卓\desktop\ctp.solution\ctp\release\vs2010\dotnet4.0\ma版\ctpmdadapter.obj
c:\users\卓\desktop\ctp.solution\ctp\release\vs2010\dotnet4.0\ma版\ctp.obj
c:\users\卓\desktop\ctp.solution\ctp\release\vs2010\dotnet4.0\ma版\assemblyinfo.obj
c:\users\卓\desktop\ctp.solution\ctp\release\vs2010\dotnet4.0\ma版\.netframework,version=v4.0.assemblyattributes.xdc
c:\users\卓\desktop\ctp.solution\ctp\release\vs2010\dotnet4.0\ma版\.netframework,version=v4.0.assemblyattributes.obj
c:\users\卓\desktop\ctp.solution\ctp\release\vs2010\dotnet4.0\ma版\.netframework,version=v4.0.assemblyattributes.asm
c:\users\卓\desktop\ctp.solution\release\vs2010\dotnet4.0\ma版\ctp.dll
c:\users\卓\desktop\ctp.solution\release\vs2010\dotnet4.0\ma版\ctp.pdb
c:\users\卓\desktop\ctp.solution\release\vs2010\dotnet4.0\ma版\ctp.xml
c:\users\卓\desktop\ctp.solution\ctp\release\vs2010\dotnet4.0\ma版\ctpma.vs2010.net4.0.vcxprojresolveassemblyreference.cache
c:\users\卓\desktop\ctp.solution\ctp\release\vs2010\dotnet4.0\ma版\ctpma.vs.acfb53e6.tlog\cl.command.1.tlog
c:\users\卓\desktop\ctp.solution\ctp\release\vs2010\dotnet4.0\ma版\ctpma.vs.acfb53e6.tlog\cl.read.1.tlog
c:\users\卓\desktop\ctp.solution\ctp\release\vs2010\dotnet4.0\ma版\ctpma.vs.acfb53e6.tlog\cl.write.1.tlog
c:\users\卓\desktop\ctp.solution\ctp\release\vs2010\dotnet4.0\ma版\ctpma.vs.acfb53e6.tlog\link.command.1.tlog
c:\users\卓\desktop\ctp.solution\ctp\release\vs2010\dotnet4.0\ma版\ctpma.vs.acfb53e6.tlog\link.read.1.tlog
c:\users\卓\desktop\ctp.solution\ctp\release\vs2010\dotnet4.0\ma版\ctpma.vs.acfb53e6.tlog\link.write.1.tlog
c:\users\卓\desktop\ctp.solution\ctp\release\vs2010\dotnet4.0\ma版\ctpma.vs.acfb53e6.tlog\metagen.read.1.tlog
c:\users\卓\desktop\ctp.solution\ctp\release\vs2010\dotnet4.0\ma版\ctpma.vs.acfb53e6.tlog\metagen.write.1.tlog
c:\users\卓\desktop\ctp.solution\ctp\release\vs2010\dotnet4.0\ma版\ctpma.vs.acfb53e6.tlog\xdcmake.command.1.tlog
c:\users\卓\desktop\ctp.solution\ctp\release\vs2010\dotnet4.0\ma版\ctpma.vs.acfb53e6.tlog\xdcmake.read.1.tlog
c:\users\卓\desktop\ctp.solution\ctp\release\vs2010\dotnet4.0\ma版\ctpma.vs.acfb53e6.tlog\xdcmake.write.1.tlog
c:\users\卓\desktop\ctp.solution\ctp\release\vs2010\dotnet4.0\ma版\ctpma.vs.acfb53e6.tlog\msxml6r.dll.bi
c:\users\卓\desktop\ctp.solution\ctp\release\vs2010\dotnet4.0\ma版\ctpma.vs.acfb53e6.tlog\tzres.dll.bi
